2025-08-25 18:09:00,268 - ERROR - Error processing row 0: 
export_to_video requires the OpenCV library but it was not found in your environment. You can install it with pip: `pip
install opencv-python`

2025-08-25 18:24:12,376 - ERROR - Error processing row 1: 
export_to_video requires the OpenCV library but it was not found in your environment. You can install it with pip: `pip
install opencv-python`

2025-08-25 18:31:09,904 - INFO - Successfully saved: /hd1/Joydeep-multiagent/Video/generated_videos/video_0_neurodivergent_7ac2215c.mp4
2025-08-25 18:31:09,904 - INFO - Reached MAX_VIDEOS=1, stopping early.
2025-08-25 18:31:09,904 - INFO - Video generation process completed!
2025-08-25 18:36:13,126 - INFO - Skipping existing video: /hd1/Joydeep-multiagent/Video/generated_videos/video_0_neurodivergent_7ac2215c.mp4
2025-08-25 18:38:47,512 - INFO - Successfully saved: /hd1/Joydeep-multiagent/Video/generated_videos/video_1_child_547b0b34.mp4
2025-08-25 18:41:30,069 - INFO - Successfully saved: /hd1/Joydeep-multiagent/Video/generated_videos/video_2_elderly_ba2b1804.mp4
2025-08-25 18:41:30,072 - WARNING - Prompt truncated from 422 to 400 tokens
2025-08-25 18:59:50,033 - INFO - Skipping existing video: /hd1/Joydeep-multiagent/Video/generated_videos/video_0_neurodivergent_7ac2215c.mp4
2025-08-25 18:59:50,035 - INFO - Skipping existing video: /hd1/Joydeep-multiagent/Video/generated_videos/video_1_child_547b0b34.mp4
2025-08-25 18:59:50,035 - INFO - Skipping existing video: /hd1/Joydeep-multiagent/Video/generated_videos/video_2_elderly_ba2b1804.mp4
2025-08-25 18:59:50,037 - WARNING - Prompt truncated from 422 to 226 tokens
2025-08-25 19:03:36,368 - INFO - Skipping existing video: /hd1/Joydeep-multiagent/Video/generated_videos/video_0_neurodivergent_7ac2215c.mp4
2025-08-25 19:03:36,369 - INFO - Skipping existing video: /hd1/Joydeep-multiagent/Video/generated_videos/video_1_child_547b0b34.mp4
2025-08-25 19:03:36,369 - INFO - Skipping existing video: /hd1/Joydeep-multiagent/Video/generated_videos/video_2_elderly_ba2b1804.mp4
2025-08-25 19:03:36,371 - WARNING - Prompt truncated from 422 to 226 tokens
2025-08-25 19:03:36,390 - ERROR - Error processing row 3: `height` and `width` have to be divisible by 8 but are 250 and 250.
2025-08-25 19:03:36,407 - WARNING - Prompt truncated from 279 to 226 tokens
2025-08-25 19:03:36,426 - ERROR - Error processing row 4: `height` and `width` have to be divisible by 8 but are 250 and 250.
2025-08-25 19:03:36,427 - ERROR - Error processing row 5: `height` and `width` have to be divisible by 8 but are 250 and 250.
2025-08-25 19:03:36,428 - WARNING - Prompt truncated from 270 to 226 tokens
2025-08-25 19:03:36,446 - ERROR - Error processing row 6: `height` and `width` have to be divisible by 8 but are 250 and 250.
2025-08-25 19:03:36,446 - ERROR - Error processing row 7: `height` and `width` have to be divisible by 8 but are 250 and 250.
2025-08-25 19:03:36,447 - ERROR - Error processing row 8: `height` and `width` have to be divisible by 8 but are 250 and 250.
2025-08-25 19:03:36,448 - WARNING - Prompt truncated from 289 to 226 tokens
2025-08-25 19:03:36,466 - ERROR - Error processing row 9: `height` and `width` have to be divisible by 8 but are 250 and 250.
2025-08-25 19:03:36,467 - ERROR - Error processing row 10: `height` and `width` have to be divisible by 8 but are 250 and 250.
2025-08-25 19:03:36,468 - WARNING - Prompt truncated from 306 to 226 tokens
2025-08-25 19:03:36,486 - ERROR - Error processing row 11: `height` and `width` have to be divisible by 8 but are 250 and 250.
2025-08-25 19:03:36,487 - WARNING - Prompt truncated from 554 to 226 tokens
2025-08-25 19:03:36,505 - ERROR - Error processing row 12: `height` and `width` have to be divisible by 8 but are 250 and 250.
2025-08-25 19:03:36,506 - ERROR - Error processing row 13: `height` and `width` have to be divisible by 8 but are 250 and 250.
2025-08-25 19:03:36,506 - ERROR - Error processing row 14: `height` and `width` have to be divisible by 8 but are 250 and 250.
2025-08-25 19:03:36,507 - ERROR - Error processing row 15: `height` and `width` have to be divisible by 8 but are 250 and 250.
2025-08-25 19:03:36,508 - ERROR - Error processing row 16: `height` and `width` have to be divisible by 8 but are 250 and 250.
2025-08-25 19:03:36,509 - WARNING - Prompt truncated from 374 to 226 tokens
2025-08-25 19:03:36,527 - ERROR - Error processing row 17: `height` and `width` have to be divisible by 8 but are 250 and 250.
2025-08-25 19:03:36,528 - ERROR - Error processing row 18: `height` and `width` have to be divisible by 8 but are 250 and 250.
2025-08-25 19:03:36,529 - WARNING - Prompt truncated from 288 to 226 tokens
2025-08-25 19:03:36,547 - ERROR - Error processing row 19: `height` and `width` have to be divisible by 8 but are 250 and 250.
2025-08-25 19:03:36,547 - ERROR - Error processing row 20: `height` and `width` have to be divisible by 8 but are 250 and 250.
2025-08-25 19:03:36,549 - WARNING - Prompt truncated from 387 to 226 tokens
2025-08-25 19:03:36,566 - ERROR - Error processing row 21: `height` and `width` have to be divisible by 8 but are 250 and 250.
2025-08-25 19:03:36,567 - ERROR - Error processing row 22: `height` and `width` have to be divisible by 8 but are 250 and 250.
2025-08-25 19:03:36,568 - ERROR - Error processing row 23: `height` and `width` have to be divisible by 8 but are 250 and 250.
2025-08-25 19:03:36,570 - WARNING - Prompt truncated from 539 to 226 tokens
2025-08-25 19:03:36,588 - ERROR - Error processing row 24: `height` and `width` have to be divisible by 8 but are 250 and 250.
2025-08-25 19:03:36,589 - WARNING - Prompt truncated from 486 to 226 tokens
2025-08-25 19:03:36,607 - ERROR - Error processing row 25: `height` and `width` have to be divisible by 8 but are 250 and 250.
2025-08-25 19:03:36,608 - WARNING - Prompt truncated from 268 to 226 tokens
2025-08-25 19:03:36,626 - ERROR - Error processing row 26: `height` and `width` have to be divisible by 8 but are 250 and 250.
2025-08-25 19:03:36,627 - WARNING - Prompt truncated from 502 to 226 tokens
2025-08-25 19:03:36,645 - ERROR - Error processing row 27: `height` and `width` have to be divisible by 8 but are 250 and 250.
2025-08-25 19:03:36,647 - WARNING - Prompt truncated from 501 to 226 tokens
2025-08-25 19:03:36,664 - ERROR - Error processing row 28: `height` and `width` have to be divisible by 8 but are 250 and 250.
2025-08-25 19:03:36,666 - WARNING - Prompt truncated from 271 to 226 tokens
2025-08-25 19:03:36,683 - ERROR - Error processing row 29: `height` and `width` have to be divisible by 8 but are 250 and 250.
2025-08-25 19:03:36,683 - INFO - Video generation process completed!
2025-08-25 19:05:31,874 - INFO - Skipping existing video: /hd1/Joydeep-multiagent/Video/generated_videos/video_0_neurodivergent_7ac2215c.mp4
2025-08-25 19:05:31,875 - INFO - Skipping existing video: /hd1/Joydeep-multiagent/Video/generated_videos/video_1_child_547b0b34.mp4
2025-08-25 19:05:31,876 - INFO - Skipping existing video: /hd1/Joydeep-multiagent/Video/generated_videos/video_2_elderly_ba2b1804.mp4
2025-08-25 19:05:31,877 - WARNING - Prompt truncated from 422 to 226 tokens
2025-08-25 19:09:47,465 - INFO - Successfully saved: /hd1/Joydeep-multiagent/Video/generated_videos/video_3_neurodivergent_55fe2bbb.mp4
2025-08-25 19:09:47,467 - WARNING - Prompt truncated from 279 to 226 tokens
2025-08-25 19:13:34,960 - INFO - Successfully saved: /hd1/Joydeep-multiagent/Video/generated_videos/video_4_normal_adult_1ff4187d.mp4
